::1 - - [14/Apr/2023:11:10:50 +0800] "GET / HTTP/1.1" 200 975
::1 - - [14/Apr/2023:11:10:50 +0800] "GET /style.css HTTP/1.1" 304 -
::1 - - [14/Apr/2023:11:10:50 +0800] "GET /gambar/meow.jpg HTTP/1.1" 304 -
::1 - - [14/Apr/2023:11:10:50 +0800] "GET /favicon.ico HTTP/1.1" 404 196
::1 - - [14/Apr/2023:11:11:36 +0800] "GET /senarai_produkP.php?kat=0 HTTP/1.1" 200 2002
::1 - - [14/Apr/2023:11:11:36 +0800] "GET /gambar/image.png HTTP/1.1" 200 57617
::1 - - [14/Apr/2023:11:12:25 +0800] "GET /borang_login.php HTTP/1.1" 200 2875
::1 - - [14/Apr/2023:11:12:32 +0800] "POST /proses_login.php HTTP/1.1" 200 104
::1 - - [14/Apr/2023:11:12:33 +0800] "GET /senarai_produkA.php HTTP/1.1" 200 3635
::1 - - [14/Apr/2023:11:12:37 +0800] "GET /padam_produk.php?no=MP001 HTTP/1.1" 200 97
::1 - - [14/Apr/2023:11:12:38 +0800] "GET /senarai_produkA.php HTTP/1.1" 200 3107
::1 - - [14/Apr/2023:11:13:32 +0800] "-" 408 -
::1 - - [14/Apr/2023:11:13:50 +0800] "GET /borang_produk.php HTTP/1.1" 200 5944
::1 - - [14/Apr/2023:11:14:50 +0800] "-" 408 -
::1 - - [14/Apr/2023:11:15:08 +0800] "POST /proses_produk.php HTTP/1.1" 200 109
::1 - - [14/Apr/2023:11:15:09 +0800] "GET /senarai_produkA.php HTTP/1.1" 200 3628
::1 - - [14/Apr/2023:11:15:13 +0800] "GET /senarai_produkA.php HTTP/1.1" 200 3628
::1 - - [14/Apr/2023:11:15:23 +0800] "GET /senarai_produkA.php HTTP/1.1" 200 3628
::1 - - [14/Apr/2023:11:15:24 +0800] "GET /senarai_produkA.php HTTP/1.1" 200 3628
::1 - - [14/Apr/2023:11:15:32 +0800] "GET /borang_produk.php HTTP/1.1" 200 5944
::1 - - [14/Apr/2023:11:16:12 +0800] "POST /proses_produk.php HTTP/1.1" 200 109
::1 - - [14/Apr/2023:11:16:13 +0800] "GET /senarai_produkA.php HTTP/1.1" 200 3907
::1 - - [14/Apr/2023:11:16:18 +0800] "GET /borang_produk.php HTTP/1.1" 200 5944
::1 - - [14/Apr/2023:11:16:40 +0800] "POST /proses_produk.php HTTP/1.1" 200 109
::1 - - [14/Apr/2023:11:16:42 +0800] "GET /senarai_produkA.php HTTP/1.1" 200 4186
::1 - - [14/Apr/2023:11:16:44 +0800] "GET /jenama.php HTTP/1.1" 200 3926
::1 - - [14/Apr/2023:11:16:45 +0800] "GET /borang_produk.php HTTP/1.1" 200 5944
::1 - - [14/Apr/2023:11:16:46 +0800] "GET /logout.php HTTP/1.1" 302 -
::1 - - [14/Apr/2023:11:16:46 +0800] "GET /index.php HTTP/1.1" 200 975
::1 - - [14/Apr/2023:11:16:47 +0800] "GET /senarai_produkP.php?kat=0 HTTP/1.1" 200 2686
::1 - - [14/Apr/2023:11:16:47 +0800] "GET /gambar/MP002.png HTTP/1.1" 200 105339
::1 - - [14/Apr/2023:11:16:47 +0800] "GET /gambar/MP001.png HTTP/1.1" 200 113754
::1 - - [14/Apr/2023:11:16:47 +0800] "GET /gambar/MP003.png HTTP/1.1" 200 112187
::1 - - [14/Apr/2023:11:30:13 +0800] "GET /senarai_produkP.php?kat=0 HTTP/1.1" 200 2382
::1 - - [14/Apr/2023:11:30:13 +0800] "GET /gambar/MP001.png HTTP/1.1" 304 -
::1 - - [14/Apr/2023:11:30:13 +0800] "GET /gambar/MP002.png HTTP/1.1" 304 -
::1 - - [14/Apr/2023:11:30:13 +0800] "GET /gambar/MP003.png HTTP/1.1" 304 -
::1 - - [14/Apr/2023:11:30:14 +0800] "GET /senarai_produkP.php?kat=0 HTTP/1.1" 200 2382
::1 - - [14/Apr/2023:11:30:16 +0800] "GET /senarai_produkP.php?kat=0 HTTP/1.1" 200 2382
::1 - - [14/Apr/2023:11:30:17 +0800] "GET /senarai_produkP.php?kat=0 HTTP/1.1" 200 2382
::1 - - [14/Apr/2023:11:30:17 +0800] "GET /senarai_produkP.php?kat=0 HTTP/1.1" 200 2382
::1 - - [14/Apr/2023:11:36:19 +0800] "GET /senarai_produkP.php?kat=0 HTTP/1.1" 200 2385
::1 - - [14/Apr/2023:11:36:20 +0800] "GET /gambar/MP002.png HTTP/1.1" 304 -
::1 - - [14/Apr/2023:11:36:20 +0800] "GET /gambar/MP001.png HTTP/1.1" 304 -
::1 - - [14/Apr/2023:11:36:20 +0800] "GET /gambar/MP003.png HTTP/1.1" 304 -
::1 - - [14/Apr/2023:11:36:38 +0800] "GET /senarai_produkP.php?kat=0 HTTP/1.1" 200 2385
::1 - - [14/Apr/2023:11:37:38 +0800] "-" 408 -
::1 - - [14/Apr/2023:11:38:00 +0800] "GET /senarai_produkP.php?kat=0 HTTP/1.1" 200 2385
::1 - - [14/Apr/2023:11:38:10 +0800] "GET /senarai_produkP.php?kat=0 HTTP/1.1" 200 2385
::1 - - [14/Apr/2023:11:39:10 +0800] "-" 408 -
::1 - - [14/Apr/2023:11:40:43 +0800] "GET /borang_login.php HTTP/1.1" 200 2875
::1 - - [14/Apr/2023:11:40:44 +0800] "GET /borang_login.php HTTP/1.1" 200 2875
::1 - - [14/Apr/2023:11:41:43 +0800] "-" 408 -
::1 - - [14/Apr/2023:11:47:27 +0800] "GET /index.php HTTP/1.1" 200 977
::1 - - [14/Apr/2023:11:47:27 +0800] "GET /gambar/poster.png HTTP/1.1" 200 507426
::1 - - [14/Apr/2023:11:47:52 +0800] "GET /index.php HTTP/1.1" 200 977
::1 - - [14/Apr/2023:11:47:52 +0800] "GET /gambar/poster.png HTTP/1.1" 304 -
::1 - - [14/Apr/2023:11:49:55 +0800] "GET /index.php HTTP/1.1" 200 978
::1 - - [14/Apr/2023:11:49:55 +0800] "GET /gambar/poster.png HTTP/1.1" 304 -
::1 - - [14/Apr/2023:11:50:55 +0800] "-" 408 -
::1 - - [14/Apr/2023:12:03:13 +0800] "GET /index.php HTTP/1.1" 200 978
::1 - - [14/Apr/2023:12:03:13 +0800] "GET /gambar/poster.jpg HTTP/1.1" 200 66065
::1 - - [14/Apr/2023:12:03:13 +0800] "GET /index.php HTTP/1.1" 200 978
::1 - - [14/Apr/2023:12:03:14 +0800] "GET /index.php HTTP/1.1" 200 978
::1 - - [14/Apr/2023:12:03:14 +0800] "GET /index.php HTTP/1.1" 200 978
::1 - - [14/Apr/2023:12:03:15 +0800] "GET /index.php HTTP/1.1" 200 978
::1 - - [14/Apr/2023:12:04:01 +0800] "GET /index.php HTTP/1.1" 200 977
::1 - - [14/Apr/2023:12:04:01 +0800] "GET /gambar/poster.jpg HTTP/1.1" 304 -
::1 - - [14/Apr/2023:12:04:11 +0800] "GET /index.php HTTP/1.1" 200 977
::1 - - [14/Apr/2023:12:05:00 +0800] "GET /index.php HTTP/1.1" 200 977
::1 - - [14/Apr/2023:12:05:00 +0800] "GET /gambar/poster.jpg HTTP/1.1" 304 -
::1 - - [14/Apr/2023:12:05:10 +0800] "GET /index.php HTTP/1.1" 200 978
::1 - - [14/Apr/2023:12:05:23 +0800] "GET /index.php HTTP/1.1" 200 978
::1 - - [14/Apr/2023:12:05:23 +0800] "GET /gambar/poster.jpg HTTP/1.1" 304 -
::1 - - [14/Apr/2023:12:05:24 +0800] "GET /index.php HTTP/1.1" 200 978
::1 - - [14/Apr/2023:12:05:24 +0800] "GET /index.php HTTP/1.1" 200 978
::1 - - [14/Apr/2023:12:05:33 +0800] "GET /index.php HTTP/1.1" 200 978
::1 - - [14/Apr/2023:12:06:33 +0800] "-" 408 -
::1 - - [14/Apr/2023:12:06:37 +0800] "GET /index.php HTTP/1.1" 200 979
::1 - - [14/Apr/2023:12:06:37 +0800] "GET /gambar/poster.jpg HTTP/1.1" 304 -
::1 - - [14/Apr/2023:12:07:37 +0800] "-" 408 -
::1 - - [14/Apr/2023:12:16:30 +0800] "GET /index.php HTTP/1.1" 200 982
::1 - - [14/Apr/2023:12:16:30 +0800] "GET /gambar/posternew.png HTTP/1.1" 200 747088
::1 - - [14/Apr/2023:12:16:55 +0800] "GET /index.php HTTP/1.1" 200 982
::1 - - [14/Apr/2023:12:16:55 +0800] "GET /gambar/posternew.png HTTP/1.1" 304 -
::1 - - [14/Apr/2023:12:17:01 +0800] "GET /index.php HTTP/1.1" 200 981
::1 - - [14/Apr/2023:12:17:11 +0800] "GET /index.php HTTP/1.1" 200 982
::1 - - [14/Apr/2023:12:17:11 +0800] "GET /gambar/posternew.png HTTP/1.1" 304 -
::1 - - [14/Apr/2023:12:18:11 +0800] "-" 408 -
::1 - - [14/Apr/2023:12:18:58 +0800] "GET /index.php HTTP/1.1" 200 982
::1 - - [14/Apr/2023:12:18:58 +0800] "GET /gambar/posternew.png HTTP/1.1" 200 239007
::1 - - [14/Apr/2023:12:19:28 +0800] "GET /index.php HTTP/1.1" 200 982
::1 - - [14/Apr/2023:12:19:28 +0800] "GET /gambar/posternew.png HTTP/1.1" 200 237963
::1 - - [14/Apr/2023:12:20:02 +0800] "GET /index.php HTTP/1.1" 200 982
::1 - - [14/Apr/2023:12:20:02 +0800] "GET /style.css HTTP/1.1" 200 2246
::1 - - [14/Apr/2023:12:20:02 +0800] "GET /gambar/posternew.png HTTP/1.1" 200 237963
::1 - - [14/Apr/2023:12:20:02 +0800] "GET /favicon.ico HTTP/1.1" 404 196
::1 - - [14/Apr/2023:12:20:34 +0800] "GET /index.php HTTP/1.1" 200 982
::1 - - [14/Apr/2023:12:20:34 +0800] "GET /style.css HTTP/1.1" 200 2246
::1 - - [14/Apr/2023:12:20:34 +0800] "GET /gambar/posternew.png HTTP/1.1" 200 237375
::1 - - [14/Apr/2023:12:20:34 +0800] "GET /favicon.ico HTTP/1.1" 404 196
::1 - - [14/Apr/2023:12:20:48 +0800] "GET /index.php HTTP/1.1" 200 982
::1 - - [14/Apr/2023:12:20:48 +0800] "GET /style.css HTTP/1.1" 200 2246
::1 - - [14/Apr/2023:12:20:48 +0800] "GET /gambar/posternew.png HTTP/1.1" 200 238032
::1 - - [14/Apr/2023:12:20:48 +0800] "GET /favicon.ico HTTP/1.1" 404 196
::1 - - [14/Apr/2023:12:21:38 +0800] "GET /senarai_produkP.php?kat=0 HTTP/1.1" 200 2385
::1 - - [14/Apr/2023:12:21:38 +0800] "GET /gambar/MP001.png HTTP/1.1" 304 -
::1 - - [14/Apr/2023:12:21:38 +0800] "GET /gambar/MP003.png HTTP/1.1" 304 -
::1 - - [14/Apr/2023:12:21:38 +0800] "GET /gambar/MP002.png HTTP/1.1" 304 -
