[Fri Jun 09 14:49:51.772183 2023] [mpm_winnt:notice] [pid 6268:tid 476] AH00455: Apache/2.4.54 (Win32) PHP/8.1.7 configured -- resuming normal operations
[Fri Jun 09 14:49:51.772183 2023] [mpm_winnt:notice] [pid 6268:tid 476] AH00456: Apache Lounge VS16 Server built: Jun 22 2022 09:31:11
[Fri Jun 09 14:49:51.772183 2023] [core:notice] [pid 6268:tid 476] AH00094: Command line: 'C:\\Users\\student\\Documents\\GitHub\\modestsilk/apache2/bin/httpd_usbwv8.exe -d C:/Users/student/Documents/GitHub/modestsilk/Apache2'
[Fri Jun 09 14:49:51.781239 2023] [mpm_winnt:notice] [pid 6268:tid 476] AH00418: Parent: Created child process 11396
[Fri Jun 09 14:49:52.611630 2023] [mpm_winnt:notice] [pid 11396:tid 280] AH00354: Child: Starting 64 worker threads.
[Fri Jun 09 14:53:26.101021 2023] [mpm_winnt:notice] [pid 6268:tid 476] AH00428: Parent: child process 11396 exited with status 3221226356 -- Restarting.
[Fri Jun 09 14:53:26.201295 2023] [mpm_winnt:notice] [pid 6268:tid 476] AH00455: Apache/2.4.54 (Win32) PHP/8.1.7 configured -- resuming normal operations
[Fri Jun 09 14:53:26.201295 2023] [mpm_winnt:notice] [pid 6268:tid 476] AH00456: Apache Lounge VS16 Server built: Jun 22 2022 09:31:11
[Fri Jun 09 14:53:26.201295 2023] [core:notice] [pid 6268:tid 476] AH00094: Command line: 'C:\\Users\\student\\Documents\\GitHub\\modestsilk/apache2/bin/httpd_usbwv8.exe -d C:/Users/student/Documents/GitHub/modestsilk/Apache2'
[Fri Jun 09 14:53:26.212613 2023] [mpm_winnt:notice] [pid 6268:tid 476] AH00418: Parent: Created child process 7692
[Fri Jun 09 14:53:26.977993 2023] [mpm_winnt:notice] [pid 7692:tid 480] AH00354: Child: Starting 64 worker threads.
[Fri Jun 09 14:53:29.743728 2023] [mpm_winnt:notice] [pid 6268:tid 476] AH00428: Parent: child process 7692 exited with status 3221226356 -- Restarting.
[Fri Jun 09 14:53:29.846321 2023] [mpm_winnt:notice] [pid 6268:tid 476] AH00455: Apache/2.4.54 (Win32) PHP/8.1.7 configured -- resuming normal operations
[Fri Jun 09 14:53:29.846321 2023] [mpm_winnt:notice] [pid 6268:tid 476] AH00456: Apache Lounge VS16 Server built: Jun 22 2022 09:31:11
[Fri Jun 09 14:53:29.846321 2023] [core:notice] [pid 6268:tid 476] AH00094: Command line: 'C:\\Users\\student\\Documents\\GitHub\\modestsilk/apache2/bin/httpd_usbwv8.exe -d C:/Users/student/Documents/GitHub/modestsilk/Apache2'
[Fri Jun 09 14:53:29.856329 2023] [mpm_winnt:notice] [pid 6268:tid 476] AH00418: Parent: Created child process 20844
[Fri Jun 09 14:53:30.574613 2023] [mpm_winnt:notice] [pid 20844:tid 472] AH00354: Child: Starting 64 worker threads.
[Fri Jun 09 14:53:32.424332 2023] [mpm_winnt:notice] [pid 6268:tid 476] AH00428: Parent: child process 20844 exited with status 3221226356 -- Restarting.
[Fri Jun 09 14:53:32.522751 2023] [mpm_winnt:notice] [pid 6268:tid 476] AH00455: Apache/2.4.54 (Win32) PHP/8.1.7 configured -- resuming normal operations
[Fri Jun 09 14:53:32.522751 2023] [mpm_winnt:notice] [pid 6268:tid 476] AH00456: Apache Lounge VS16 Server built: Jun 22 2022 09:31:11
[Fri Jun 09 14:53:32.522751 2023] [core:notice] [pid 6268:tid 476] AH00094: Command line: 'C:\\Users\\student\\Documents\\GitHub\\modestsilk/apache2/bin/httpd_usbwv8.exe -d C:/Users/student/Documents/GitHub/modestsilk/Apache2'
[Fri Jun 09 14:53:32.530238 2023] [mpm_winnt:notice] [pid 6268:tid 476] AH00418: Parent: Created child process 11740
[Fri Jun 09 14:53:33.201767 2023] [mpm_winnt:notice] [pid 11740:tid 472] AH00354: Child: Starting 64 worker threads.
[Fri Jun 09 14:53:44.205545 2023] [mpm_winnt:notice] [pid 6268:tid 476] AH00428: Parent: child process 11740 exited with status 3221226356 -- Restarting.
[Fri Jun 09 14:53:44.314451 2023] [mpm_winnt:notice] [pid 6268:tid 476] AH00455: Apache/2.4.54 (Win32) PHP/8.1.7 configured -- resuming normal operations
[Fri Jun 09 14:53:44.314451 2023] [mpm_winnt:notice] [pid 6268:tid 476] AH00456: Apache Lounge VS16 Server built: Jun 22 2022 09:31:11
[Fri Jun 09 14:53:44.314451 2023] [core:notice] [pid 6268:tid 476] AH00094: Command line: 'C:\\Users\\student\\Documents\\GitHub\\modestsilk/apache2/bin/httpd_usbwv8.exe -d C:/Users/student/Documents/GitHub/modestsilk/Apache2'
[Fri Jun 09 14:53:44.325981 2023] [mpm_winnt:notice] [pid 6268:tid 476] AH00418: Parent: Created child process 21376
[Fri Jun 09 14:53:45.131564 2023] [mpm_winnt:notice] [pid 21376:tid 472] AH00354: Child: Starting 64 worker threads.
[Fri Jun 09 14:53:51.093062 2023] [mpm_winnt:notice] [pid 6268:tid 476] AH00428: Parent: child process 21376 exited with status 3221226356 -- Restarting.
[Fri Jun 09 14:53:51.191585 2023] [mpm_winnt:notice] [pid 6268:tid 476] AH00455: Apache/2.4.54 (Win32) PHP/8.1.7 configured -- resuming normal operations
[Fri Jun 09 14:53:51.191585 2023] [mpm_winnt:notice] [pid 6268:tid 476] AH00456: Apache Lounge VS16 Server built: Jun 22 2022 09:31:11
[Fri Jun 09 14:53:51.191585 2023] [core:notice] [pid 6268:tid 476] AH00094: Command line: 'C:\\Users\\student\\Documents\\GitHub\\modestsilk/apache2/bin/httpd_usbwv8.exe -d C:/Users/student/Documents/GitHub/modestsilk/Apache2'
[Fri Jun 09 14:53:51.194495 2023] [mpm_winnt:notice] [pid 6268:tid 476] AH00418: Parent: Created child process 9848
[Fri Jun 09 14:53:51.944293 2023] [mpm_winnt:notice] [pid 9848:tid 492] AH00354: Child: Starting 64 worker threads.
[Fri Jun 09 14:54:08.617048 2023] [mpm_winnt:notice] [pid 6268:tid 476] AH00428: Parent: child process 9848 exited with status 3221226356 -- Restarting.
[Fri Jun 09 14:54:08.721373 2023] [mpm_winnt:notice] [pid 6268:tid 476] AH00455: Apache/2.4.54 (Win32) PHP/8.1.7 configured -- resuming normal operations
[Fri Jun 09 14:54:08.721872 2023] [mpm_winnt:notice] [pid 6268:tid 476] AH00456: Apache Lounge VS16 Server built: Jun 22 2022 09:31:11
[Fri Jun 09 14:54:08.722448 2023] [core:notice] [pid 6268:tid 476] AH00094: Command line: 'C:\\Users\\student\\Documents\\GitHub\\modestsilk/apache2/bin/httpd_usbwv8.exe -d C:/Users/student/Documents/GitHub/modestsilk/Apache2'
[Fri Jun 09 14:54:08.733362 2023] [mpm_winnt:notice] [pid 6268:tid 476] AH00418: Parent: Created child process 17364
[Fri Jun 09 14:54:09.471449 2023] [mpm_winnt:notice] [pid 17364:tid 496] AH00354: Child: Starting 64 worker threads.
[Fri Jun 09 14:54:11.513565 2023] [mpm_winnt:notice] [pid 6268:tid 476] AH00428: Parent: child process 17364 exited with status 3221226356 -- Restarting.
[Fri Jun 09 14:54:11.601235 2023] [mpm_winnt:notice] [pid 6268:tid 476] AH00455: Apache/2.4.54 (Win32) PHP/8.1.7 configured -- resuming normal operations
[Fri Jun 09 14:54:11.601235 2023] [mpm_winnt:notice] [pid 6268:tid 476] AH00456: Apache Lounge VS16 Server built: Jun 22 2022 09:31:11
[Fri Jun 09 14:54:11.601235 2023] [core:notice] [pid 6268:tid 476] AH00094: Command line: 'C:\\Users\\student\\Documents\\GitHub\\modestsilk/apache2/bin/httpd_usbwv8.exe -d C:/Users/student/Documents/GitHub/modestsilk/Apache2'
[Fri Jun 09 14:54:11.613049 2023] [mpm_winnt:notice] [pid 6268:tid 476] AH00418: Parent: Created child process 20576
[Fri Jun 09 14:54:12.301263 2023] [mpm_winnt:notice] [pid 20576:tid 484] AH00354: Child: Starting 64 worker threads.
[Fri Jun 09 14:54:45.078902 2023] [mpm_winnt:notice] [pid 6268:tid 476] AH00428: Parent: child process 20576 exited with status 3221226356 -- Restarting.
[Fri Jun 09 14:54:45.182625 2023] [mpm_winnt:notice] [pid 6268:tid 476] AH00455: Apache/2.4.54 (Win32) PHP/8.1.7 configured -- resuming normal operations
[Fri Jun 09 14:54:45.182625 2023] [mpm_winnt:notice] [pid 6268:tid 476] AH00456: Apache Lounge VS16 Server built: Jun 22 2022 09:31:11
[Fri Jun 09 14:54:45.182625 2023] [core:notice] [pid 6268:tid 476] AH00094: Command line: 'C:\\Users\\student\\Documents\\GitHub\\modestsilk/apache2/bin/httpd_usbwv8.exe -d C:/Users/student/Documents/GitHub/modestsilk/Apache2'
[Fri Jun 09 14:54:45.191401 2023] [mpm_winnt:notice] [pid 6268:tid 476] AH00418: Parent: Created child process 11196
[Fri Jun 09 14:54:45.952569 2023] [mpm_winnt:notice] [pid 11196:tid 484] AH00354: Child: Starting 64 worker threads.
[Fri Jun 09 14:54:59.866515 2023] [mpm_winnt:notice] [pid 6268:tid 476] AH00428: Parent: child process 11196 exited with status 3221226356 -- Restarting.
[Fri Jun 09 14:54:59.956291 2023] [mpm_winnt:notice] [pid 6268:tid 476] AH00455: Apache/2.4.54 (Win32) PHP/8.1.7 configured -- resuming normal operations
[Fri Jun 09 14:54:59.956291 2023] [mpm_winnt:notice] [pid 6268:tid 476] AH00456: Apache Lounge VS16 Server built: Jun 22 2022 09:31:11
[Fri Jun 09 14:54:59.956291 2023] [core:notice] [pid 6268:tid 476] AH00094: Command line: 'C:\\Users\\student\\Documents\\GitHub\\modestsilk/apache2/bin/httpd_usbwv8.exe -d C:/Users/student/Documents/GitHub/modestsilk/Apache2'
[Fri Jun 09 14:54:59.968695 2023] [mpm_winnt:notice] [pid 6268:tid 476] AH00418: Parent: Created child process 2868
[Fri Jun 09 14:55:00.663540 2023] [mpm_winnt:notice] [pid 2868:tid 476] AH00354: Child: Starting 64 worker threads.
